Importer Log Report
Project : Group

Section : Analyze Document - C:\EAGLE-7.7.0\lbr\SparkFun-Eagle-Libraries-master\SparkFun-Aesthetics.lbr
    Analyzing data of C:\EAGLE-7.7.0\lbr\SparkFun-Eagle-Libraries-master\SparkFun-Aesthetics.lbr
    Load settings
    Load layers 143
    Load Library library
    Load Library ""
    Load Packages 74
    Load Symbols 25
    Load DeviceSets 25
EndSection

Section : Analyze Document - C:\EAGLE-7.7.0\lbr\SparkFun-Eagle-Libraries-master\SparkFun-Batteries.lbr
    Analyzing data of C:\EAGLE-7.7.0\lbr\SparkFun-Eagle-Libraries-master\SparkFun-Batteries.lbr
    Load settings
    Load layers 141
    Load Library library
    Load Library ""
    Load Packages 16
    Load Symbols 2
    Load DeviceSets 2
EndSection

Section : Analyze Document - C:\EAGLE-7.7.0\lbr\SparkFun-Eagle-Libraries-master\SparkFun-Boards.lbr
    Analyzing data of C:\EAGLE-7.7.0\lbr\SparkFun-Eagle-Libraries-master\SparkFun-Boards.lbr
    Load settings
    Load layers 143
    Load Library library
    Load Library ""
    Load Packages 38
    ERROR: Unhandled typedimension
    ERROR: Unhandled typedimension
    ERROR: Unhandled typedimension
    ERROR: Unhandled typedimension
    ERROR: Unhandled typedimension
    ERROR: Unhandled typedimension
    ERROR: Unhandled typedimension
    ERROR: Unhandled typedimension
    ERROR: Unhandled typedimension
    ERROR: Unhandled typedimension
    ERROR: Unhandled typedimension
    ERROR: Unhandled typedimension
    ERROR: Unhandled typedimension
    ERROR: Unhandled typedimension
    ERROR: Unhandled typedimension
    ERROR: Unhandled typedimension
    ERROR: Unhandled typedimension
    ERROR: Unhandled typedimension
    ERROR: Unhandled typedimension
    ERROR: Unhandled typedimension
    ERROR: Unhandled typedimension
    ERROR: Unhandled typedimension
    ERROR: Unhandled typedimension
    ERROR: Unhandled typedimension
    ERROR: Unhandled typedimension
    Load Symbols 39
    Load DeviceSets 27
EndSection

Section : Analyze Document - C:\EAGLE-7.7.0\lbr\SparkFun-Eagle-Libraries-master\SparkFun-Capacitors.lbr
    Analyzing data of C:\EAGLE-7.7.0\lbr\SparkFun-Eagle-Libraries-master\SparkFun-Capacitors.lbr
    Load settings
    Load layers 143
    Load Library library
    Load Library ""
    Load Packages 25
    Load Symbols 4
    Load DeviceSets 47
EndSection

Section : Analyze Document - C:\EAGLE-7.7.0\lbr\SparkFun-Eagle-Libraries-master\SparkFun-Clocks.lbr
    Analyzing data of C:\EAGLE-7.7.0\lbr\SparkFun-Eagle-Libraries-master\SparkFun-Clocks.lbr
    Load settings
    Load layers 143
    Load Library library
    Load Library ""
    Load Packages 23
    Load Symbols 8
    Load DeviceSets 21
EndSection

Section : Analyze Document - C:\EAGLE-7.7.0\lbr\SparkFun-Eagle-Libraries-master\SparkFun-Coils.lbr
    Analyzing data of C:\EAGLE-7.7.0\lbr\SparkFun-Eagle-Libraries-master\SparkFun-Coils.lbr
    Load settings
    Load layers 143
    Load Library library
    Load Library ""
    Load Packages 11
    Load Symbols 4
    Load DeviceSets 4
EndSection

Section : Analyze Document - C:\EAGLE-7.7.0\lbr\SparkFun-Eagle-Libraries-master\SparkFun-Connectors.lbr
    Analyzing data of C:\EAGLE-7.7.0\lbr\SparkFun-Eagle-Libraries-master\SparkFun-Connectors.lbr
    Load settings
    Load layers 143
    Load Library library
    Load Library ""
    Load Packages 309
    Load Symbols 87
    Load DeviceSets 90
EndSection

Section : Analyze Document - C:\EAGLE-7.7.0\lbr\SparkFun-Eagle-Libraries-master\SparkFun-DiscreteSemi.lbr
    Analyzing data of C:\EAGLE-7.7.0\lbr\SparkFun-Eagle-Libraries-master\SparkFun-DiscreteSemi.lbr
    Load settings
    Load layers 143
    Load Library library
    Load Library ""
    Load Packages 24
    Load Symbols 20
    Load DeviceSets 24
EndSection

Section : Analyze Document - C:\EAGLE-7.7.0\lbr\SparkFun-Eagle-Libraries-master\SparkFun-Displays.lbr
    Analyzing data of C:\EAGLE-7.7.0\lbr\SparkFun-Eagle-Libraries-master\SparkFun-Displays.lbr
    Load settings
    Load layers 122
    Load Library library
    Load Library ""
    Load Packages 12
    Load Symbols 6
    Load DeviceSets 6
EndSection

Section : Analyze Document - C:\EAGLE-7.7.0\lbr\SparkFun-Eagle-Libraries-master\SparkFun-Electromechanical.lbr
    Analyzing data of C:\EAGLE-7.7.0\lbr\SparkFun-Eagle-Libraries-master\SparkFun-Electromechanical.lbr
    Load settings
    Load layers 141
    Load Library library
    Load Library ""
    Load Packages 11
    Load Symbols 5
    Load DeviceSets 5
EndSection

Section : Analyze Document - C:\EAGLE-7.7.0\lbr\SparkFun-Eagle-Libraries-master\SparkFun-Fuses.lbr
    Analyzing data of C:\EAGLE-7.7.0\lbr\SparkFun-Eagle-Libraries-master\SparkFun-Fuses.lbr
    Load settings
    Load layers 141
    Load Library library
    Load Library ""
    Load Packages 2
    Load Symbols 2
    Load DeviceSets 1
EndSection

Section : Analyze Document - C:\EAGLE-7.7.0\lbr\SparkFun-Eagle-Libraries-master\SparkFun-GPS.lbr
    Analyzing data of C:\EAGLE-7.7.0\lbr\SparkFun-Eagle-Libraries-master\SparkFun-GPS.lbr
    Load settings
    Load layers 143
    Load Library library
    Load Library ""
    Load Packages 7
    Load Symbols 7
    Load DeviceSets 7
EndSection

Section : Analyze Document - C:\EAGLE-7.7.0\lbr\SparkFun-Eagle-Libraries-master\SparkFun-Hardware.lbr
    Analyzing data of C:\EAGLE-7.7.0\lbr\SparkFun-Eagle-Libraries-master\SparkFun-Hardware.lbr
    Load settings
    Load layers 142
    Load Library library
    Load Library ""
    Load Packages 15
    Load Symbols 5
    Load DeviceSets 5
EndSection

Section : Analyze Document - C:\EAGLE-7.7.0\lbr\SparkFun-Eagle-Libraries-master\SparkFun-IC-Amplifiers.lbr
    Analyzing data of C:\EAGLE-7.7.0\lbr\SparkFun-Eagle-Libraries-master\SparkFun-IC-Amplifiers.lbr
    Load settings
    Load layers 143
    Load Library library
    Load Library ""
    Load Packages 9
    Load Symbols 7
    Load DeviceSets 13
EndSection

Section : Analyze Document - C:\EAGLE-7.7.0\lbr\SparkFun-Eagle-Libraries-master\SparkFun-IC-Comms.lbr
    Analyzing data of C:\EAGLE-7.7.0\lbr\SparkFun-Eagle-Libraries-master\SparkFun-IC-Comms.lbr
    Load settings
    Load layers 143
    Load Library library
    Load Library ""
    Load Packages 16
    Load Symbols 15
    Load DeviceSets 14
EndSection

Section : Analyze Document - C:\EAGLE-7.7.0\lbr\SparkFun-Eagle-Libraries-master\SparkFun-IC-Conversion.lbr
    Analyzing data of C:\EAGLE-7.7.0\lbr\SparkFun-Eagle-Libraries-master\SparkFun-IC-Conversion.lbr
    Load settings
    Load layers 143
    Load Library library
    Load Library ""
    Load Packages 8
    Load Symbols 8
    Load DeviceSets 9
EndSection

Section : Analyze Document - C:\EAGLE-7.7.0\lbr\SparkFun-Eagle-Libraries-master\SparkFun-IC-Logic.lbr
    Analyzing data of C:\EAGLE-7.7.0\lbr\SparkFun-Eagle-Libraries-master\SparkFun-IC-Logic.lbr
    Load settings
    Load layers 143
    Load Library library
    Load Library ""
    Load Packages 11
    Load Symbols 15
    Load DeviceSets 15
EndSection

Section : Analyze Document - C:\EAGLE-7.7.0\lbr\SparkFun-Eagle-Libraries-master\SparkFun-IC-Memory.lbr
    Analyzing data of C:\EAGLE-7.7.0\lbr\SparkFun-Eagle-Libraries-master\SparkFun-IC-Memory.lbr
    Load settings
    Load layers 143
    Load Library library
    Load Library ""
    Load Packages 4
    Load Symbols 4
    Load DeviceSets 4
EndSection

Section : Analyze Document - C:\EAGLE-7.7.0\lbr\SparkFun-Eagle-Libraries-master\SparkFun-IC-Microcontroller.lbr
    Analyzing data of C:\EAGLE-7.7.0\lbr\SparkFun-Eagle-Libraries-master\SparkFun-IC-Microcontroller.lbr
    Load settings
    Load layers 143
    Load Library library
    Load Library ""
    Load Packages 30
    Load Symbols 49
    Load DeviceSets 26
EndSection

Section : Analyze Document - C:\EAGLE-7.7.0\lbr\SparkFun-Eagle-Libraries-master\SparkFun-IC-Power.lbr
    Analyzing data of C:\EAGLE-7.7.0\lbr\SparkFun-Eagle-Libraries-master\SparkFun-IC-Power.lbr
    Load settings
    Load layers 143
    Load Library library
    Load Library ""
    Load Packages 31
    Load Symbols 28
    Load DeviceSets 32
EndSection

Section : Analyze Document - C:\EAGLE-7.7.0\lbr\SparkFun-Eagle-Libraries-master\SparkFun-IC-Special-Function.lbr
    Analyzing data of C:\EAGLE-7.7.0\lbr\SparkFun-Eagle-Libraries-master\SparkFun-IC-Special-Function.lbr
    Load settings
    Load layers 143
    Load Library library
    Load Library ""
    Load Packages 35
    Load Symbols 30
    Load DeviceSets 30
EndSection

Section : Analyze Document - C:\EAGLE-7.7.0\lbr\SparkFun-Eagle-Libraries-master\SparkFun-Jumpers.lbr
    Analyzing data of C:\EAGLE-7.7.0\lbr\SparkFun-Eagle-Libraries-master\SparkFun-Jumpers.lbr
    Load settings
    Load layers 141
    Load Library library
    Load Library ""
    Load Packages 18
    Load Symbols 8
    Load DeviceSets 8
EndSection

Section : Analyze Document - C:\EAGLE-7.7.0\lbr\SparkFun-Eagle-Libraries-master\SparkFun-LED.lbr
    Analyzing data of C:\EAGLE-7.7.0\lbr\SparkFun-Eagle-Libraries-master\SparkFun-LED.lbr
    Load settings
    Load layers 143
    Load Library library
    Load Library ""
    Load Packages 34
    Load Symbols 13
    Load DeviceSets 22
EndSection

Section : Analyze Document - C:\EAGLE-7.7.0\lbr\SparkFun-Eagle-Libraries-master\SparkFun-PowerSymbols.lbr
    Analyzing data of C:\EAGLE-7.7.0\lbr\SparkFun-Eagle-Libraries-master\SparkFun-PowerSymbols.lbr
    Load settings
    Load layers 143
    Load Library library
    Load Library ""
    Load Packages 1
    Load Symbols 24
    Load DeviceSets 25
EndSection

Section : Analyze Document - C:\EAGLE-7.7.0\lbr\SparkFun-Eagle-Libraries-master\SparkFun-Resistors.lbr
    Analyzing data of C:\EAGLE-7.7.0\lbr\SparkFun-Eagle-Libraries-master\SparkFun-Resistors.lbr
    Load settings
    Load layers 141
    Load Library library
    Load Library ""
    Load Packages 28
    Load Symbols 6
    Load DeviceSets 98
EndSection

Section : Analyze Document - C:\EAGLE-7.7.0\lbr\SparkFun-Eagle-Libraries-master\SparkFun-Retired.lbr
    Analyzing data of C:\EAGLE-7.7.0\lbr\SparkFun-Eagle-Libraries-master\SparkFun-Retired.lbr
    Load settings
    Load layers 143
    Load Library library
    Load Library ""
    Load Packages 302
    ERROR: Unhandled typedimension
    Load Symbols 220
    Load DeviceSets 244
EndSection

Section : Analyze Document - C:\EAGLE-7.7.0\lbr\SparkFun-Eagle-Libraries-master\SparkFun-RF.lbr
    Analyzing data of C:\EAGLE-7.7.0\lbr\SparkFun-Eagle-Libraries-master\SparkFun-RF.lbr
    Load settings
    Load layers 143
    Load Library library
    Load Library ""
    Load Packages 42
    Load Symbols 38
    Load DeviceSets 33
EndSection

Section : Analyze Document - C:\EAGLE-7.7.0\lbr\SparkFun-Eagle-Libraries-master\SparkFun-Sensors.lbr
    Analyzing data of C:\EAGLE-7.7.0\lbr\SparkFun-Eagle-Libraries-master\SparkFun-Sensors.lbr
    Load settings
    Load layers 143
    Load Library library
    Load Library ""
    Load Packages 67
    Load Symbols 65
    Load DeviceSets 66
EndSection

Section : Analyze Document - C:\EAGLE-7.7.0\lbr\SparkFun-Eagle-Libraries-master\SparkFun-Switches.lbr
    Analyzing data of C:\EAGLE-7.7.0\lbr\SparkFun-Eagle-Libraries-master\SparkFun-Switches.lbr
    Load settings
    Load layers 141
    Load Library library
    Load Library ""
    Load Packages 50
    Load Symbols 25
    Load DeviceSets 26
EndSection
