Importer Log Report
Project : Group

Section : Analyze Document - C:\EAGLE-7.7.0\lbr\pal.lbr
    Analyzing data of C:\EAGLE-7.7.0\lbr\pal.lbr
    Load settings
    Load layers 59
    Load Library library
    Load Library ""
    Load Packages 3
    Load Symbols 46
    Load DeviceSets 45
EndSection

Section : Analyze Document - C:\EAGLE-7.7.0\lbr\philips-semiconductors.lbr
    Analyzing data of C:\EAGLE-7.7.0\lbr\philips-semiconductors.lbr
    Load settings
    Load layers 59
    Load Library library
    Load Library ""
    Load Packages 4
    Load Symbols 3
    Load DeviceSets 3
EndSection

Section : Analyze Document - C:\EAGLE-7.7.0\lbr\photo-elements.lbr
    Analyzing data of C:\EAGLE-7.7.0\lbr\photo-elements.lbr
    Load settings
    Load layers 59
    Load Library library
    Load Library ""
    Load Packages 18
    Load Symbols 2
    Load DeviceSets 14
EndSection

Section : Analyze Document - C:\EAGLE-7.7.0\lbr\piher.lbr
    Analyzing data of C:\EAGLE-7.7.0\lbr\piher.lbr
    Load settings
    Load layers 59
    Load Library library
    Load Library ""
    Load Packages 7
    Load Symbols 8
    Load DeviceSets 7
EndSection

Section : Analyze Document - C:\EAGLE-7.7.0\lbr\pinhead.lbr
    Analyzing data of C:\EAGLE-7.7.0\lbr\pinhead.lbr
    Load settings
    Load layers 59
    Load Library library
    Load Library ""
    Load Packages 97
    Load Symbols 50
    Load DeviceSets 50
EndSection

Section : Analyze Document - C:\EAGLE-7.7.0\lbr\plcc-socket.lbr
    Analyzing data of C:\EAGLE-7.7.0\lbr\plcc-socket.lbr
    Load settings
    Load layers 59
    Load Library library
    Load Library ""
    Load Packages 19
    Load Symbols 0
    Load DeviceSets 0
EndSection

Section : Analyze Document - C:\EAGLE-7.7.0\lbr\pld-intel.lbr
    Analyzing data of C:\EAGLE-7.7.0\lbr\pld-intel.lbr
    Load settings
    Load layers 59
    Load Library library
    Load Library ""
    Load Packages 5
    Load Symbols 8
    Load DeviceSets 7
EndSection

Section : Analyze Document - C:\EAGLE-7.7.0\lbr\plxtech.lbr
    Analyzing data of C:\EAGLE-7.7.0\lbr\plxtech.lbr
    Load settings
    Load layers 59
    Load Library library
    Load Library ""
    Load Packages 5
    Load Symbols 7
    Load DeviceSets 3
EndSection

Section : Analyze Document - C:\EAGLE-7.7.0\lbr\pot.lbr
    Analyzing data of C:\EAGLE-7.7.0\lbr\pot.lbr
    Load settings
    Load layers 59
    Load Library library
    Load Library ""
    Load Packages 55
    Load Symbols 4
    Load DeviceSets 7
EndSection

Section : Analyze Document - C:\EAGLE-7.7.0\lbr\pot-vitrohm.lbr
    Analyzing data of C:\EAGLE-7.7.0\lbr\pot-vitrohm.lbr
    Load settings
    Load layers 59
    Load Library library
    Load Library ""
    Load Packages 1
    Load Symbols 1
    Load DeviceSets 1
EndSection

Section : Analyze Document - C:\EAGLE-7.7.0\lbr\pot-xicor.lbr
    Analyzing data of C:\EAGLE-7.7.0\lbr\pot-xicor.lbr
    Load settings
    Load layers 59
    Load Library library
    Load Library ""
    Load Packages 2
    Load Symbols 1
    Load DeviceSets 1
EndSection

Section : Analyze Document - C:\EAGLE-7.7.0\lbr\ptc-ntc.lbr
    Analyzing data of C:\EAGLE-7.7.0\lbr\ptc-ntc.lbr
    Load settings
    Load layers 59
    Load Library library
    Load Library ""
    Load Packages 11
    Load Symbols 4
    Load DeviceSets 13
EndSection

Section : Analyze Document - C:\EAGLE-7.7.0\lbr\quantum-research-group.lbr
    Analyzing data of C:\EAGLE-7.7.0\lbr\quantum-research-group.lbr
    Load settings
    Load layers 61
    Load Library library
    Load Library ""
    Load Packages 5
    Load Symbols 4
    Load DeviceSets 3
EndSection

Section : Analyze Document - C:\EAGLE-7.7.0\lbr\rcl.lbr
    Analyzing data of C:\EAGLE-7.7.0\lbr\rcl.lbr
    Load settings
    Load layers 59
    Load Library library
    Load Library ""
    Load Packages 487
    Load Symbols 12
    Load DeviceSets 14
EndSection

Section : Analyze Document - C:\EAGLE-7.7.0\lbr\recom-international.lbr
    Analyzing data of C:\EAGLE-7.7.0\lbr\recom-international.lbr
    Load settings
    Load layers 59
    Load Library library
    Load Library ""
    Load Packages 6
    Load Symbols 5
    Load DeviceSets 5
EndSection

Section : Analyze Document - C:\EAGLE-7.7.0\lbr\rectifier.lbr
    Analyzing data of C:\EAGLE-7.7.0\lbr\rectifier.lbr
    Load settings
    Load layers 59
    Load Library library
    Load Library ""
    Load Packages 38
    Load Symbols 5
    Load DeviceSets 37
EndSection

Section : Analyze Document - C:\EAGLE-7.7.0\lbr\ref-packages.lbr
    Analyzing data of C:\EAGLE-7.7.0\lbr\ref-packages.lbr
    Load settings
    Load layers 59
    Load Library library
    Load Library ""
    Load Packages 1543
    Load Symbols 0
    Load DeviceSets 0
EndSection

Section : Analyze Document - C:\EAGLE-7.7.0\lbr\ref-packages-longpad.lbr
    Analyzing data of C:\EAGLE-7.7.0\lbr\ref-packages-longpad.lbr
    Load settings
    Load layers 59
    Load Library library
    Load Library ""
    Load Packages 1527
    Load Symbols 0
    Load DeviceSets 0
EndSection

Section : Analyze Document - C:\EAGLE-7.7.0\lbr\relay.lbr
    Analyzing data of C:\EAGLE-7.7.0\lbr\relay.lbr
    Load settings
    Load layers 59
    Load Library library
    Load Library ""
    Load Packages 291
    Load Symbols 59
    Load DeviceSets 264
EndSection

Section : Analyze Document - C:\EAGLE-7.7.0\lbr\renesas.lbr
    Analyzing data of C:\EAGLE-7.7.0\lbr\renesas.lbr
    Load settings
    Load layers 59
    Load Library library
    Load Library ""
    Load Packages 1
    Load Symbols 1
    Load DeviceSets 1
EndSection

Section : Analyze Document - C:\EAGLE-7.7.0\lbr\resistor.lbr
    Analyzing data of C:\EAGLE-7.7.0\lbr\resistor.lbr
    Load settings
    Load layers 60
    Load Library library
    Load Library ""
    Load Packages 427
    Load Symbols 15
    Load DeviceSets 13
EndSection

Section : Analyze Document - C:\EAGLE-7.7.0\lbr\resistor-bourns.lbr
    Analyzing data of C:\EAGLE-7.7.0\lbr\resistor-bourns.lbr
    Load settings
    Load layers 59
    Load Library library
    Load Library ""
    Load Packages 7
    Load Symbols 12
    Load DeviceSets 20
EndSection

Section : Analyze Document - C:\EAGLE-7.7.0\lbr\resistor-dil.lbr
    Analyzing data of C:\EAGLE-7.7.0\lbr\resistor-dil.lbr
    Load settings
    Load layers 59
    Load Library library
    Load Library ""
    Load Packages 22
    Load Symbols 8
    Load DeviceSets 14
EndSection

Section : Analyze Document - C:\EAGLE-7.7.0\lbr\resistor-net.lbr
    Analyzing data of C:\EAGLE-7.7.0\lbr\resistor-net.lbr
    Load settings
    Load layers 59
    Load Library library
    Load Library ""
    Load Packages 12
    Load Symbols 15
    Load DeviceSets 19
EndSection

Section : Analyze Document - C:\EAGLE-7.7.0\lbr\resistor-power.lbr
    Analyzing data of C:\EAGLE-7.7.0\lbr\resistor-power.lbr
    Load settings
    Load layers 59
    Load Library library
    Load Library ""
    Load Packages 89
    Load Symbols 1
    Load DeviceSets 2
EndSection

Section : Analyze Document - C:\EAGLE-7.7.0\lbr\resistor-ruf.lbr
    Analyzing data of C:\EAGLE-7.7.0\lbr\resistor-ruf.lbr
    Load settings
    Load layers 59
    Load Library library
    Load Library ""
    Load Packages 3
    Load Symbols 1
    Load DeviceSets 3
EndSection

Section : Analyze Document - C:\EAGLE-7.7.0\lbr\resistor-shunt.lbr
    Analyzing data of C:\EAGLE-7.7.0\lbr\resistor-shunt.lbr
    Load settings
    Load layers 59
    Load Library library
    Load Library ""
    Load Packages 14
    Load Symbols 2
    Load DeviceSets 13
EndSection

Section : Analyze Document - C:\EAGLE-7.7.0\lbr\resistor-sil.lbr
    Analyzing data of C:\EAGLE-7.7.0\lbr\resistor-sil.lbr
    Load settings
    Load layers 59
    Load Library library
    Load Library ""
    Load Packages 11
    Load Symbols 30
    Load DeviceSets 57
EndSection

Section : Analyze Document - C:\EAGLE-7.7.0\lbr\rf-micro-devices.lbr
    Analyzing data of C:\EAGLE-7.7.0\lbr\rf-micro-devices.lbr
    Load settings
    Load layers 59
    Load Library library
    Load Library ""
    Load Packages 1
    Load Symbols 3
    Load DeviceSets 2
EndSection

Section : Analyze Document - C:\EAGLE-7.7.0\lbr\rf-solutions.lbr
    Analyzing data of C:\EAGLE-7.7.0\lbr\rf-solutions.lbr
    Load settings
    Load layers 59
    Load Library library
    Load Library ""
    Load Packages 4
    Load Symbols 3
    Load DeviceSets 3
EndSection

Section : Analyze Document - C:\EAGLE-7.7.0\lbr\rohm.lbr
    Analyzing data of C:\EAGLE-7.7.0\lbr\rohm.lbr
    Load settings
    Load layers 59
    Load Library library
    Load Library ""
    Load Packages 7
    Load Symbols 7
    Load DeviceSets 9
EndSection

Section : Analyze Document - C:\EAGLE-7.7.0\lbr\roundsolutions.lbr
    Analyzing data of C:\EAGLE-7.7.0\lbr\roundsolutions.lbr
    Load settings
    Load layers 59
    Load Library library
    Load Library ""
    Load Packages 2
    Load Symbols 1
    Load DeviceSets 2
EndSection

Section : Analyze Document - C:\EAGLE-7.7.0\lbr\semicon-smd-ipc.lbr
    Analyzing data of C:\EAGLE-7.7.0\lbr\semicon-smd-ipc.lbr
    Load settings
    Load layers 59
    Load Library library
    Load Library ""
    Load Packages 11
    Load Symbols 9
    Load DeviceSets 9
EndSection

Section : Analyze Document - C:\EAGLE-7.7.0\lbr\sensor-comus-group.lbr
    Analyzing data of C:\EAGLE-7.7.0\lbr\sensor-comus-group.lbr
    Load settings
    Load layers 59
    Load Library library
    Load Library ""
    Load Packages 1
    Load Symbols 3
    Load DeviceSets 1
EndSection

Section : Analyze Document - C:\EAGLE-7.7.0\lbr\sensor-heraeus.lbr
    Analyzing data of C:\EAGLE-7.7.0\lbr\sensor-heraeus.lbr
    Load settings
    Load layers 59
    Load Library library
    Load Library ""
    Load Packages 2
    Load Symbols 2
    Load DeviceSets 2
EndSection

Section : Analyze Document - C:\EAGLE-7.7.0\lbr\sensor-infratec.lbr
    Analyzing data of C:\EAGLE-7.7.0\lbr\sensor-infratec.lbr
    Load settings
    Load layers 59
    Load Library library
    Load Library ""
    Load Packages 1
    Load Symbols 1
    Load DeviceSets 1
EndSection

Section : Analyze Document - C:\EAGLE-7.7.0\lbr\sharp.lbr
    Analyzing data of C:\EAGLE-7.7.0\lbr\sharp.lbr
    Load settings
    Load layers 59
    Load Library library
    Load Library ""
    Load Packages 5
    Load Symbols 5
    Load DeviceSets 5
EndSection

Section : Analyze Document - C:\EAGLE-7.7.0\lbr\silabs.lbr
    Analyzing data of C:\EAGLE-7.7.0\lbr\silabs.lbr
    Load settings
    Load layers 59
    Load Library library
    Load Library ""
    Load Packages 6
    Load Symbols 7
    Load DeviceSets 7
EndSection

Section : Analyze Document - C:\EAGLE-7.7.0\lbr\sim-technology.lbr
    Analyzing data of C:\EAGLE-7.7.0\lbr\sim-technology.lbr
    Load settings
    Load layers 59
    Load Library library
    Load Library ""
    Load Packages 1
    Load Symbols 1
    Load DeviceSets 1
EndSection

Section : Analyze Document - C:\EAGLE-7.7.0\lbr\sipex.lbr
    Analyzing data of C:\EAGLE-7.7.0\lbr\sipex.lbr
    Load settings
    Load layers 59
    Load Library library
    Load Library ""
    Load Packages 3
    Load Symbols 2
    Load DeviceSets 1
EndSection

Section : Analyze Document - C:\EAGLE-7.7.0\lbr\smd-ipc.lbr
    Analyzing data of C:\EAGLE-7.7.0\lbr\smd-ipc.lbr
    Load settings
    Load layers 59
    Load Library library
    Load Library ""
    Load Packages 363
    Load Symbols 0
    Load DeviceSets 0
EndSection

Section : Analyze Document - C:\EAGLE-7.7.0\lbr\smd-special.lbr
    Analyzing data of C:\EAGLE-7.7.0\lbr\smd-special.lbr
    Load settings
    Load layers 59
    Load Library library
    Load Library ""
    Load Packages 55
    Load Symbols 9
    Load DeviceSets 9
EndSection

Section : Analyze Document - C:\EAGLE-7.7.0\lbr\solomon-systech.lbr
    Analyzing data of C:\EAGLE-7.7.0\lbr\solomon-systech.lbr
    Load settings
    Load layers 59
    Load Library library
    Load Library ""
    Load Packages 2
    Load Symbols 2
    Load DeviceSets 2
EndSection

Section : Analyze Document - C:\EAGLE-7.7.0\lbr\solpad.lbr
    Analyzing data of C:\EAGLE-7.7.0\lbr\solpad.lbr
    Load settings
    Load layers 59
    Load Library library
    Load Library ""
    Load Packages 8
    Load Symbols 1
    Load DeviceSets 8
EndSection

Section : Analyze Document - C:\EAGLE-7.7.0\lbr\speaker.lbr
    Analyzing data of C:\EAGLE-7.7.0\lbr\speaker.lbr
    Load settings
    Load layers 59
    Load Library library
    Load Library ""
    Load Packages 1
    Load Symbols 1
    Load DeviceSets 1
EndSection

Section : Analyze Document - C:\EAGLE-7.7.0\lbr\special.lbr
    Analyzing data of C:\EAGLE-7.7.0\lbr\special.lbr
    Load settings
    Load layers 59
    Load Library library
    Load Library ""
    Load Packages 77
    Load Symbols 23
    Load DeviceSets 27
EndSection

Section : Analyze Document - C:\EAGLE-7.7.0\lbr\special-drill.lbr
    Analyzing data of C:\EAGLE-7.7.0\lbr\special-drill.lbr
    Load settings
    Load layers 59
    Load Library library
    Load Library ""
    Load Packages 16
    Load Symbols 1
    Load DeviceSets 1
EndSection

Section : Analyze Document - C:\EAGLE-7.7.0\lbr\stm32xx.lbr
    Analyzing data of C:\EAGLE-7.7.0\lbr\stm32xx.lbr
    Load settings
    Load layers 59
    Load Library library
    Load Library ""
    Load Packages 1
    Load Symbols 1
    Load DeviceSets 1
EndSection

Section : Analyze Document - C:\EAGLE-7.7.0\lbr\st-microelectronics.lbr
    Analyzing data of C:\EAGLE-7.7.0\lbr\st-microelectronics.lbr
    Load settings
    Load layers 59
    Load Library library
    Load Library ""
    Load Packages 49
    Load Symbols 72
    Load DeviceSets 51
EndSection

Section : Analyze Document - C:\EAGLE-7.7.0\lbr\supertex.lbr
    Analyzing data of C:\EAGLE-7.7.0\lbr\supertex.lbr
    Load settings
    Load layers 59
    Load Library library
    Load Library ""
    Load Packages 2
    Load Symbols 1
    Load DeviceSets 1
EndSection

Section : Analyze Document - C:\EAGLE-7.7.0\lbr\supply1.lbr
    Analyzing data of C:\EAGLE-7.7.0\lbr\supply1.lbr
    Load settings
    Load layers 59
    Load Library library
    Load Library ""
    Load Packages 0
    Load Symbols 29
    Load DeviceSets 28
EndSection

Section : Analyze Document - C:\EAGLE-7.7.0\lbr\supply2.lbr
    Analyzing data of C:\EAGLE-7.7.0\lbr\supply2.lbr
    Load settings
    Load layers 59
    Load Library library
    Load Library ""
    Load Packages 1
    Load Symbols 48
    Load DeviceSets 48
EndSection

Section : Analyze Document - C:\EAGLE-7.7.0\lbr\switch.lbr
    Analyzing data of C:\EAGLE-7.7.0\lbr\switch.lbr
    Load settings
    Load layers 59
    Load Library library
    Load Library ""
    Load Packages 92
    Load Symbols 54
    Load DeviceSets 93
EndSection

Section : Analyze Document - C:\EAGLE-7.7.0\lbr\switch-alps.lbr
    Analyzing data of C:\EAGLE-7.7.0\lbr\switch-alps.lbr
    Load settings
    Load layers 59
    Load Library library
    Load Library ""
    Load Packages 1
    Load Symbols 3
    Load DeviceSets 1
EndSection

Section : Analyze Document - C:\EAGLE-7.7.0\lbr\switch-coto.lbr
    Analyzing data of C:\EAGLE-7.7.0\lbr\switch-coto.lbr
    Load settings
    Load layers 59
    Load Library library
    Load Library ""
    Load Packages 3
    Load Symbols 1
    Load DeviceSets 1
EndSection

Section : Analyze Document - C:\EAGLE-7.7.0\lbr\switch-dil.lbr
    Analyzing data of C:\EAGLE-7.7.0\lbr\switch-dil.lbr
    Load settings
    Load layers 59
    Load Library library
    Load Library ""
    Load Packages 88
    Load Symbols 15
    Load DeviceSets 93
EndSection

Section : Analyze Document - C:\EAGLE-7.7.0\lbr\switch-misc.lbr
    Analyzing data of C:\EAGLE-7.7.0\lbr\switch-misc.lbr
    Load settings
    Load layers 59
    Load Library library
    Load Library ""
    Load Packages 30
    Load Symbols 14
    Load DeviceSets 22
EndSection

Section : Analyze Document - C:\EAGLE-7.7.0\lbr\switch-omron.lbr
    Analyzing data of C:\EAGLE-7.7.0\lbr\switch-omron.lbr
    Load settings
    Load layers 59
    Load Library library
    Load Library ""
    Load Packages 9
    Load Symbols 5
    Load DeviceSets 9
EndSection

Section : Analyze Document - C:\EAGLE-7.7.0\lbr\switch-raychem.lbr
    Analyzing data of C:\EAGLE-7.7.0\lbr\switch-raychem.lbr
    Load settings
    Load layers 59
    Load Library library
    Load Library ""
    Load Packages 1
    Load Symbols 1
    Load DeviceSets 2
EndSection

Section : Analyze Document - C:\EAGLE-7.7.0\lbr\switch-reed.lbr
    Analyzing data of C:\EAGLE-7.7.0\lbr\switch-reed.lbr
    Load settings
    Load layers 59
    Load Library library
    Load Library ""
    Load Packages 11
    Load Symbols 2
    Load DeviceSets 2
EndSection
