Importer Log Report
Project : Group

Section : Analyze Document - C:\EAGLE-7.7.0\lbr\marks.lbr
    Analyzing data of C:\EAGLE-7.7.0\lbr\marks.lbr
    Load settings
    Load layers 59
    Load Library library
    Load Library ""
    Load Packages 21
    Load Symbols 0
    Load DeviceSets 0
EndSection

Section : Analyze Document - C:\EAGLE-7.7.0\lbr\maxim.lbr
    Analyzing data of C:\EAGLE-7.7.0\lbr\maxim.lbr
    Load settings
    Load layers 59
    Load Library library
    Load Library ""
    Load Packages 63
    Load Symbols 363
    Load DeviceSets 446
EndSection

Section : Analyze Document - C:\EAGLE-7.7.0\lbr\maxstream.lbr
    Analyzing data of C:\EAGLE-7.7.0\lbr\maxstream.lbr
    Load settings
    Load layers 59
    Load Library library
    Load Library ""
    Load Packages 2
    Load Symbols 1
    Load DeviceSets 1
EndSection

Section : Analyze Document - C:\EAGLE-7.7.0\lbr\melexis.lbr
    Analyzing data of C:\EAGLE-7.7.0\lbr\melexis.lbr
    Load settings
    Load layers 59
    Load Library library
    Load Library ""
    Load Packages 1
    Load Symbols 1
    Load DeviceSets 1
EndSection

Section : Analyze Document - C:\EAGLE-7.7.0\lbr\memory.lbr
    Analyzing data of C:\EAGLE-7.7.0\lbr\memory.lbr
    Load settings
    Load layers 59
    Load Library library
    Load Library ""
    Load Packages 26
    Load Symbols 76
    Load DeviceSets 79
EndSection

Section : Analyze Document - C:\EAGLE-7.7.0\lbr\memory-hitachi.lbr
    Analyzing data of C:\EAGLE-7.7.0\lbr\memory-hitachi.lbr
    Load settings
    Load layers 59
    Load Library library
    Load Library ""
    Load Packages 13
    Load Symbols 44
    Load DeviceSets 51
EndSection

Section : Analyze Document - C:\EAGLE-7.7.0\lbr\memory-idt.lbr
    Analyzing data of C:\EAGLE-7.7.0\lbr\memory-idt.lbr
    Load settings
    Load layers 59
    Load Library library
    Load Library ""
    Load Packages 54
    Load Symbols 201
    Load DeviceSets 301
EndSection

Section : Analyze Document - C:\EAGLE-7.7.0\lbr\memory-micron.lbr
    Analyzing data of C:\EAGLE-7.7.0\lbr\memory-micron.lbr
    Load settings
    Load layers 59
    Load Library library
    Load Library ""
    Load Packages 4
    Load Symbols 9
    Load DeviceSets 6
EndSection

Section : Analyze Document - C:\EAGLE-7.7.0\lbr\memory-motorola-dram.lbr
    Analyzing data of C:\EAGLE-7.7.0\lbr\memory-motorola-dram.lbr
    Load settings
    Load layers 59
    Load Library library
    Load Library ""
    Load Packages 2
    Load Symbols 17
    Load DeviceSets 16
EndSection

Section : Analyze Document - C:\EAGLE-7.7.0\lbr\memory-nec.lbr
    Analyzing data of C:\EAGLE-7.7.0\lbr\memory-nec.lbr
    Load settings
    Load layers 59
    Load Library library
    Load Library ""
    Load Packages 10
    Load Symbols 26
    Load DeviceSets 29
EndSection

Section : Analyze Document - C:\EAGLE-7.7.0\lbr\memory-samsung.lbr
    Analyzing data of C:\EAGLE-7.7.0\lbr\memory-samsung.lbr
    Load settings
    Load layers 59
    Load Library library
    Load Library ""
    Load Packages 3
    Load Symbols 5
    Load DeviceSets 2
EndSection

Section : Analyze Document - C:\EAGLE-7.7.0\lbr\memory-sram.lbr
    Analyzing data of C:\EAGLE-7.7.0\lbr\memory-sram.lbr
    Load settings
    Load layers 59
    Load Library library
    Load Library ""
    Load Packages 19
    Load Symbols 27
    Load DeviceSets 28
EndSection

Section : Analyze Document - C:\EAGLE-7.7.0\lbr\mems.lbr
    Analyzing data of C:\EAGLE-7.7.0\lbr\mems.lbr
    Load settings
    Load layers 59
    Load Library library
    Load Library ""
    Load Packages 1
    Load Symbols 1
    Load DeviceSets 1
EndSection

Section : Analyze Document - C:\EAGLE-7.7.0\lbr\micrel.lbr
    Analyzing data of C:\EAGLE-7.7.0\lbr\micrel.lbr
    Load settings
    Load layers 59
    Load Library library
    Load Library ""
    Load Packages 2
    Load Symbols 2
    Load DeviceSets 2
EndSection

Section : Analyze Document - C:\EAGLE-7.7.0\lbr\microchip.lbr
    Analyzing data of C:\EAGLE-7.7.0\lbr\microchip.lbr
    Load settings
    Load layers 59
    Load Library library
    Load Library ""
    Load Packages 54
    Load Symbols 144
    Load DeviceSets 149
EndSection

Section : Analyze Document - C:\EAGLE-7.7.0\lbr\micro-cyrod.lbr
    Analyzing data of C:\EAGLE-7.7.0\lbr\micro-cyrod.lbr
    Load settings
    Load layers 59
    Load Library library
    Load Library ""
    Load Packages 4
    Load Symbols 4
    Load DeviceSets 4
EndSection

Section : Analyze Document - C:\EAGLE-7.7.0\lbr\micro-fujitsu.lbr
    Analyzing data of C:\EAGLE-7.7.0\lbr\micro-fujitsu.lbr
    Load settings
    Load layers 59
    Load Library library
    Load Library ""
    Load Packages 28
    Load Symbols 43
    Load DeviceSets 74
EndSection

Section : Analyze Document - C:\EAGLE-7.7.0\lbr\micro-harris.lbr
    Analyzing data of C:\EAGLE-7.7.0\lbr\micro-harris.lbr
    Load settings
    Load layers 59
    Load Library library
    Load Library ""
    Load Packages 11
    Load Symbols 44
    Load DeviceSets 43
EndSection

Section : Analyze Document - C:\EAGLE-7.7.0\lbr\micro-hitachi.lbr
    Analyzing data of C:\EAGLE-7.7.0\lbr\micro-hitachi.lbr
    Load settings
    Load layers 45
    Load Library library
    Load Library ""
    Load Packages 2
    Load Symbols 15
    Load DeviceSets 2
EndSection

Section : Analyze Document - C:\EAGLE-7.7.0\lbr\micro-infineon.lbr
    Analyzing data of C:\EAGLE-7.7.0\lbr\micro-infineon.lbr
    Load settings
    Load layers 59
    Load Library library
    Load Library ""
    Load Packages 1
    Load Symbols 1
    Load DeviceSets 1
EndSection

Section : Analyze Document - C:\EAGLE-7.7.0\lbr\micro-intel.lbr
    Analyzing data of C:\EAGLE-7.7.0\lbr\micro-intel.lbr
    Load settings
    Load layers 59
    Load Library library
    Load Library ""
    Load Packages 48
    Load Symbols 96
    Load DeviceSets 76
EndSection

Section : Analyze Document - C:\EAGLE-7.7.0\lbr\micro-mc68000.lbr
    Analyzing data of C:\EAGLE-7.7.0\lbr\micro-mc68000.lbr
    Load settings
    Load layers 59
    Load Library library
    Load Library ""
    Load Packages 13
    Load Symbols 25
    Load DeviceSets 18
EndSection

Section : Analyze Document - C:\EAGLE-7.7.0\lbr\micro-motorola.lbr
    Analyzing data of C:\EAGLE-7.7.0\lbr\micro-motorola.lbr
    Load settings
    Load layers 59
    Load Library library
    Load Library ""
    Load Packages 28
    Load Symbols 117
    Load DeviceSets 82
EndSection

Section : Analyze Document - C:\EAGLE-7.7.0\lbr\micron.lbr
    Analyzing data of C:\EAGLE-7.7.0\lbr\micron.lbr
    Load settings
    Load layers 59
    Load Library library
    Load Library ""
    Load Packages 1
    Load Symbols 1
    Load DeviceSets 1
EndSection

Section : Analyze Document - C:\EAGLE-7.7.0\lbr\micronas.lbr
    Analyzing data of C:\EAGLE-7.7.0\lbr\micronas.lbr
    Load settings
    Load layers 59
    Load Library library
    Load Library ""
    Load Packages 6
    Load Symbols 4
    Load DeviceSets 3
EndSection

Section : Analyze Document - C:\EAGLE-7.7.0\lbr\micro-philips.lbr
    Analyzing data of C:\EAGLE-7.7.0\lbr\micro-philips.lbr
    Load settings
    Load layers 59
    Load Library library
    Load Library ""
    Load Packages 60
    Load Symbols 52
    Load DeviceSets 35
EndSection

Section : Analyze Document - C:\EAGLE-7.7.0\lbr\microphon.lbr
    Analyzing data of C:\EAGLE-7.7.0\lbr\microphon.lbr
    Load settings
    Load layers 59
    Load Library library
    Load Library ""
    Load Packages 19
    Load Symbols 2
    Load DeviceSets 1
EndSection

Section : Analyze Document - C:\EAGLE-7.7.0\lbr\micro-renesas.lbr
    Analyzing data of C:\EAGLE-7.7.0\lbr\micro-renesas.lbr
    Load settings
    Load layers 59
    Load Library library
    Load Library ""
    Load Packages 11
    Load Symbols 13
    Load DeviceSets 14
EndSection

Section : Analyze Document - C:\EAGLE-7.7.0\lbr\micro-samsung.lbr
    Analyzing data of C:\EAGLE-7.7.0\lbr\micro-samsung.lbr
    Load settings
    Load layers 59
    Load Library library
    Load Library ""
    Load Packages 1
    Load Symbols 1
    Load DeviceSets 1
EndSection

Section : Analyze Document - C:\EAGLE-7.7.0\lbr\micro-siemens.lbr
    Analyzing data of C:\EAGLE-7.7.0\lbr\micro-siemens.lbr
    Load settings
    Load layers 59
    Load Library library
    Load Library ""
    Load Packages 57
    Load Symbols 131
    Load DeviceSets 80
EndSection

Section : Analyze Document - C:\EAGLE-7.7.0\lbr\microwave.lbr
    Analyzing data of C:\EAGLE-7.7.0\lbr\microwave.lbr
    Load settings
    Load layers 59
    Load Library library
    Load Library ""
    Load Packages 3
    Load Symbols 7
    Load DeviceSets 6
EndSection

Section : Analyze Document - C:\EAGLE-7.7.0\lbr\midori-sensor.lbr
    Analyzing data of C:\EAGLE-7.7.0\lbr\midori-sensor.lbr
    Load settings
    Load layers 59
    Load Library library
    Load Library ""
    Load Packages 1
    Load Symbols 1
    Load DeviceSets 1
EndSection

Section : Analyze Document - C:\EAGLE-7.7.0\lbr\minicircuits.lbr
    Analyzing data of C:\EAGLE-7.7.0\lbr\minicircuits.lbr
    Load settings
    Load layers 59
    Load Library library
    Load Library ""
    Load Packages 2
    Load Symbols 10
    Load DeviceSets 6
EndSection

Section : Analyze Document - C:\EAGLE-7.7.0\lbr\mitsubishi-semiconductor.lbr
    Analyzing data of C:\EAGLE-7.7.0\lbr\mitsubishi-semiconductor.lbr
    Load settings
    Load layers 59
    Load Library library
    Load Library ""
    Load Packages 2
    Load Symbols 3
    Load DeviceSets 2
EndSection

Section : Analyze Document - C:\EAGLE-7.7.0\lbr\motorola-sensor-driver.lbr
    Analyzing data of C:\EAGLE-7.7.0\lbr\motorola-sensor-driver.lbr
    Load settings
    Load layers 59
    Load Library library
    Load Library ""
    Load Packages 16
    Load Symbols 7
    Load DeviceSets 6
EndSection

Section : Analyze Document - C:\EAGLE-7.7.0\lbr\murata-filter.lbr
    Analyzing data of C:\EAGLE-7.7.0\lbr\murata-filter.lbr
    Load settings
    Load layers 59
    Load Library library
    Load Library ""
    Load Packages 4
    Load Symbols 4
    Load DeviceSets 4
EndSection

Section : Analyze Document - C:\EAGLE-7.7.0\lbr\murata-sensor.lbr
    Analyzing data of C:\EAGLE-7.7.0\lbr\murata-sensor.lbr
    Load settings
    Load layers 59
    Load Library library
    Load Library ""
    Load Packages 2
    Load Symbols 1
    Load DeviceSets 1
EndSection

Section : Analyze Document - C:\EAGLE-7.7.0\lbr\nanotec.lbr
    Analyzing data of C:\EAGLE-7.7.0\lbr\nanotec.lbr
    Load settings
    Load layers 59
    Load Library library
    Load Library ""
    Load Packages 1
    Load Symbols 1
    Load DeviceSets 1
EndSection

Section : Analyze Document - C:\EAGLE-7.7.0\lbr\national-instruments.lbr
    Analyzing data of C:\EAGLE-7.7.0\lbr\national-instruments.lbr
    Load settings
    Load layers 59
    Load Library library
    Load Library ""
    Load Packages 1
    Load Symbols 2
    Load DeviceSets 1
EndSection

Section : Analyze Document - C:\EAGLE-7.7.0\lbr\national-semiconductor.lbr
    Analyzing data of C:\EAGLE-7.7.0\lbr\national-semiconductor.lbr
    Load settings
    Load layers 59
    Load Library library
    Load Library ""
    Load Packages 26
    Load Symbols 17
    Load DeviceSets 16
EndSection

Section : Analyze Document - C:\EAGLE-7.7.0\lbr\nec.lbr
    Analyzing data of C:\EAGLE-7.7.0\lbr\nec.lbr
    Load settings
    Load layers 59
    Load Library library
    Load Library ""
    Load Packages 1
    Load Symbols 1
    Load DeviceSets 1
EndSection

Section : Analyze Document - C:\EAGLE-7.7.0\lbr\nec-lqfp100-pack.lbr
    Analyzing data of C:\EAGLE-7.7.0\lbr\nec-lqfp100-pack.lbr
    Load settings
    Load layers 59
    Load Library library
    Load Library ""
    Load Packages 1
    Load Symbols 0
    Load DeviceSets 0
EndSection

Section : Analyze Document - C:\EAGLE-7.7.0\lbr\nrj-semiconductor.lbr
    Analyzing data of C:\EAGLE-7.7.0\lbr\nrj-semiconductor.lbr
    Load settings
    Load layers 59
    Load Library library
    Load Library ""
    Load Packages 1
    Load Symbols 1
    Load DeviceSets 1
EndSection

Section : Analyze Document - C:\EAGLE-7.7.0\lbr\omnivision.lbr
    Analyzing data of C:\EAGLE-7.7.0\lbr\omnivision.lbr
    Load settings
    Load layers 59
    Load Library library
    Load Library ""
    Load Packages 1
    Load Symbols 1
    Load DeviceSets 1
EndSection

Section : Analyze Document - C:\EAGLE-7.7.0\lbr\on-semiconductor.lbr
    Analyzing data of C:\EAGLE-7.7.0\lbr\on-semiconductor.lbr
    Load settings
    Load layers 59
    Load Library library
    Load Library ""
    Load Packages 14
    Load Symbols 12
    Load DeviceSets 12
EndSection

Section : Analyze Document - C:\EAGLE-7.7.0\lbr\optocoupler.lbr
    Analyzing data of C:\EAGLE-7.7.0\lbr\optocoupler.lbr
    Load settings
    Load layers 59
    Load Library library
    Load Library ""
    Load Packages 37
    Load Symbols 46
    Load DeviceSets 94
EndSection

Section : Analyze Document - C:\EAGLE-7.7.0\lbr\opto-honeywell.lbr
    Analyzing data of C:\EAGLE-7.7.0\lbr\opto-honeywell.lbr
    Load settings
    Load layers 59
    Load Library library
    Load Library ""
    Load Packages 39
    Load Symbols 37
    Load DeviceSets 117
EndSection

Section : Analyze Document - C:\EAGLE-7.7.0\lbr\opto-honeywell-3000.lbr
    Analyzing data of C:\EAGLE-7.7.0\lbr\opto-honeywell-3000.lbr
    Load settings
    Load layers 59
    Load Library library
    Load Library ""
    Load Packages 10
    Load Symbols 31
    Load DeviceSets 65
EndSection

Section : Analyze Document - C:\EAGLE-7.7.0\lbr\opto-honeywell-4000.lbr
    Analyzing data of C:\EAGLE-7.7.0\lbr\opto-honeywell-4000.lbr
    Load settings
    Load layers 59
    Load Library library
    Load Library ""
    Load Packages 10
    Load Symbols 28
    Load DeviceSets 45
EndSection

Section : Analyze Document - C:\EAGLE-7.7.0\lbr\opto-micro-linear.lbr
    Analyzing data of C:\EAGLE-7.7.0\lbr\opto-micro-linear.lbr
    Load settings
    Load layers 59
    Load Library library
    Load Library ""
    Load Packages 4
    Load Symbols 3
    Load DeviceSets 4
EndSection

Section : Analyze Document - C:\EAGLE-7.7.0\lbr\opto-transmittter-hp.lbr
    Analyzing data of C:\EAGLE-7.7.0\lbr\opto-transmittter-hp.lbr
    Load settings
    Load layers 59
    Load Library library
    Load Library ""
    Load Packages 6
    Load Symbols 5
    Load DeviceSets 7
EndSection

Section : Analyze Document - C:\EAGLE-7.7.0\lbr\opto-trans-siemens.lbr
    Analyzing data of C:\EAGLE-7.7.0\lbr\opto-trans-siemens.lbr
    Load settings
    Load layers 59
    Load Library library
    Load Library ""
    Load Packages 13
    Load Symbols 6
    Load DeviceSets 13
EndSection

Section : Analyze Document - C:\EAGLE-7.7.0\lbr\opto-vishay.lbr
    Analyzing data of C:\EAGLE-7.7.0\lbr\opto-vishay.lbr
    Load settings
    Load layers 61
    Load Library library
    Load Library ""
    Load Packages 6
    Load Symbols 4
    Load DeviceSets 3
EndSection
