Importer Log Report
Project : Group

Section : Analyze Document - C:\EAGLE-7.7.0\lbr\sipex.lbr
    Analyzing data of C:\EAGLE-7.7.0\lbr\sipex.lbr
    Load settings
    Load layers 59
    Load Library library
    Load Library ""
    Load Packages 3
    Load Symbols 2
    Load DeviceSets 1
EndSection

Section : Analyze Document - C:\EAGLE-7.7.0\lbr\smd-ipc.lbr
    Analyzing data of C:\EAGLE-7.7.0\lbr\smd-ipc.lbr
    Load settings
    Load layers 59
    Load Library library
    Load Library ""
    Load Packages 363
    Load Symbols 0
    Load DeviceSets 0
EndSection

Section : Analyze Document - C:\EAGLE-7.7.0\lbr\smd-special.lbr
    Analyzing data of C:\EAGLE-7.7.0\lbr\smd-special.lbr
    Load settings
    Load layers 59
    Load Library library
    Load Library ""
    Load Packages 55
    Load Symbols 9
    Load DeviceSets 9
EndSection

Section : Analyze Document - C:\EAGLE-7.7.0\lbr\solomon-systech.lbr
    Analyzing data of C:\EAGLE-7.7.0\lbr\solomon-systech.lbr
    Load settings
    Load layers 59
    Load Library library
    Load Library ""
    Load Packages 2
    Load Symbols 2
    Load DeviceSets 2
EndSection

Section : Analyze Document - C:\EAGLE-7.7.0\lbr\solpad.lbr
    Analyzing data of C:\EAGLE-7.7.0\lbr\solpad.lbr
    Load settings
    Load layers 59
    Load Library library
    Load Library ""
    Load Packages 8
    Load Symbols 1
    Load DeviceSets 8
EndSection

Section : Analyze Document - C:\EAGLE-7.7.0\lbr\speaker.lbr
    Analyzing data of C:\EAGLE-7.7.0\lbr\speaker.lbr
    Load settings
    Load layers 59
    Load Library library
    Load Library ""
    Load Packages 1
    Load Symbols 1
    Load DeviceSets 1
EndSection

Section : Analyze Document - C:\EAGLE-7.7.0\lbr\special.lbr
    Analyzing data of C:\EAGLE-7.7.0\lbr\special.lbr
    Load settings
    Load layers 59
    Load Library library
    Load Library ""
    Load Packages 77
    Load Symbols 23
    Load DeviceSets 27
EndSection

Section : Analyze Document - C:\EAGLE-7.7.0\lbr\special-drill.lbr
    Analyzing data of C:\EAGLE-7.7.0\lbr\special-drill.lbr
    Load settings
    Load layers 59
    Load Library library
    Load Library ""
    Load Packages 16
    Load Symbols 1
    Load DeviceSets 1
EndSection

Section : Analyze Document - C:\EAGLE-7.7.0\lbr\stm32xx.lbr
    Analyzing data of C:\EAGLE-7.7.0\lbr\stm32xx.lbr
    Load settings
    Load layers 59
    Load Library library
    Load Library ""
    Load Packages 1
    Load Symbols 1
    Load DeviceSets 1
EndSection

Section : Analyze Document - C:\EAGLE-7.7.0\lbr\st-microelectronics.lbr
    Analyzing data of C:\EAGLE-7.7.0\lbr\st-microelectronics.lbr
    Load settings
    Load layers 59
    Load Library library
    Load Library ""
    Load Packages 49
    Load Symbols 72
    Load DeviceSets 51
EndSection

Section : Analyze Document - C:\EAGLE-7.7.0\lbr\supertex.lbr
    Analyzing data of C:\EAGLE-7.7.0\lbr\supertex.lbr
    Load settings
    Load layers 59
    Load Library library
    Load Library ""
    Load Packages 2
    Load Symbols 1
    Load DeviceSets 1
EndSection

Section : Analyze Document - C:\EAGLE-7.7.0\lbr\supply1.lbr
    Analyzing data of C:\EAGLE-7.7.0\lbr\supply1.lbr
    Load settings
    Load layers 59
    Load Library library
    Load Library ""
    Load Packages 0
    Load Symbols 29
    Load DeviceSets 28
EndSection

Section : Analyze Document - C:\EAGLE-7.7.0\lbr\supply2.lbr
    Analyzing data of C:\EAGLE-7.7.0\lbr\supply2.lbr
    Load settings
    Load layers 59
    Load Library library
    Load Library ""
    Load Packages 1
    Load Symbols 48
    Load DeviceSets 48
EndSection

Section : Analyze Document - C:\EAGLE-7.7.0\lbr\switch.lbr
    Analyzing data of C:\EAGLE-7.7.0\lbr\switch.lbr
    Load settings
    Load layers 59
    Load Library library
    Load Library ""
    Load Packages 92
    Load Symbols 54
    Load DeviceSets 93
EndSection

Section : Analyze Document - C:\EAGLE-7.7.0\lbr\switch-alps.lbr
    Analyzing data of C:\EAGLE-7.7.0\lbr\switch-alps.lbr
    Load settings
    Load layers 59
    Load Library library
    Load Library ""
    Load Packages 1
    Load Symbols 3
    Load DeviceSets 1
EndSection

Section : Analyze Document - C:\EAGLE-7.7.0\lbr\switch-coto.lbr
    Analyzing data of C:\EAGLE-7.7.0\lbr\switch-coto.lbr
    Load settings
    Load layers 59
    Load Library library
    Load Library ""
    Load Packages 3
    Load Symbols 1
    Load DeviceSets 1
EndSection

Section : Analyze Document - C:\EAGLE-7.7.0\lbr\switch-dil.lbr
    Analyzing data of C:\EAGLE-7.7.0\lbr\switch-dil.lbr
    Load settings
    Load layers 59
    Load Library library
    Load Library ""
    Load Packages 88
    Load Symbols 15
    Load DeviceSets 93
EndSection

Section : Analyze Document - C:\EAGLE-7.7.0\lbr\switch-misc.lbr
    Analyzing data of C:\EAGLE-7.7.0\lbr\switch-misc.lbr
    Load settings
    Load layers 59
    Load Library library
    Load Library ""
    Load Packages 30
    Load Symbols 14
    Load DeviceSets 22
EndSection

Section : Analyze Document - C:\EAGLE-7.7.0\lbr\switch-omron.lbr
    Analyzing data of C:\EAGLE-7.7.0\lbr\switch-omron.lbr
    Load settings
    Load layers 59
    Load Library library
    Load Library ""
    Load Packages 9
    Load Symbols 5
    Load DeviceSets 9
EndSection

Section : Analyze Document - C:\EAGLE-7.7.0\lbr\switch-raychem.lbr
    Analyzing data of C:\EAGLE-7.7.0\lbr\switch-raychem.lbr
    Load settings
    Load layers 59
    Load Library library
    Load Library ""
    Load Packages 1
    Load Symbols 1
    Load DeviceSets 2
EndSection

Section : Analyze Document - C:\EAGLE-7.7.0\lbr\switch-reed.lbr
    Analyzing data of C:\EAGLE-7.7.0\lbr\switch-reed.lbr
    Load settings
    Load layers 59
    Load Library library
    Load Library ""
    Load Packages 11
    Load Symbols 2
    Load DeviceSets 2
EndSection
