Importer Log Report
Project : Group

Section : Analyze Document - C:\EAGLE-7.7.0\lbr\discrete.lbr
    Analyzing data of C:\EAGLE-7.7.0\lbr\discrete.lbr
    Load settings
    Load layers 59
    Load Library library
    Load Library ""
    Load Packages 6
    Load Symbols 4
    Load DeviceSets 4
EndSection

Section : Analyze Document - C:\EAGLE-7.7.0\lbr\display-hp.lbr
    Analyzing data of C:\EAGLE-7.7.0\lbr\display-hp.lbr
    Load settings
    Load layers 59
    Load Library library
    Load Library ""
    Load Packages 26
    Load Symbols 28
    Load DeviceSets 43
EndSection

Section : Analyze Document - C:\EAGLE-7.7.0\lbr\display-kingbright.lbr
    Analyzing data of C:\EAGLE-7.7.0\lbr\display-kingbright.lbr
    Load settings
    Load layers 59
    Load Library library
    Load Library ""
    Load Packages 10
    Load Symbols 6
    Load DeviceSets 9
EndSection

Section : Analyze Document - C:\EAGLE-7.7.0\lbr\display-lcd.lbr
    Analyzing data of C:\EAGLE-7.7.0\lbr\display-lcd.lbr
    Load settings
    Load layers 59
    Load Library library
    Load Library ""
    Load Packages 16
    Load Symbols 16
    Load DeviceSets 16
EndSection

Section : Analyze Document - C:\EAGLE-7.7.0\lbr\docu-dummy.lbr
    Analyzing data of C:\EAGLE-7.7.0\lbr\docu-dummy.lbr
    Load settings
    Load layers 59
    Load Library library
    Load Library ""
    Load Packages 0
    Load Symbols 10
    Load DeviceSets 10
EndSection

Section : Analyze Document - C:\EAGLE-7.7.0\lbr\dom-key.lbr
    Analyzing data of C:\EAGLE-7.7.0\lbr\dom-key.lbr
    Load settings
    Load layers 59
    Load Library library
    Load Library ""
    Load Packages 4
    Load Symbols 3
    Load DeviceSets 4
EndSection

Section : Analyze Document - C:\EAGLE-7.7.0\lbr\eagle-ltspice.lbr
    Analyzing data of C:\EAGLE-7.7.0\lbr\eagle-ltspice.lbr
    Load settings
    Load layers 60
    Load Library library
    Load Library ""
    Load Packages 60
    Load Symbols 6
    Load DeviceSets 6
EndSection

Section : Analyze Document - C:\EAGLE-7.7.0\lbr\ecl.lbr
    Analyzing data of C:\EAGLE-7.7.0\lbr\ecl.lbr
    Load settings
    Load layers 59
    Load Library library
    Load Library ""
    Load Packages 3
    Load Symbols 64
    Load DeviceSets 54
EndSection

Section : Analyze Document - C:\EAGLE-7.7.0\lbr\em-microelectronic.lbr
    Analyzing data of C:\EAGLE-7.7.0\lbr\em-microelectronic.lbr
    Load settings
    Load layers 59
    Load Library library
    Load Library ""
    Load Packages 1
    Load Symbols 1
    Load DeviceSets 1
EndSection

Section : Analyze Document - C:\EAGLE-7.7.0\lbr\etx-board.lbr
    Analyzing data of C:\EAGLE-7.7.0\lbr\etx-board.lbr
    Load settings
    Load layers 59
    Load Library library
    Load Library ""
    Load Packages 4
    Load Symbols 8
    Load DeviceSets 7
EndSection

Section : Analyze Document - C:\EAGLE-7.7.0\lbr\exar.lbr
    Analyzing data of C:\EAGLE-7.7.0\lbr\exar.lbr
    Load settings
    Load layers 59
    Load Library library
    Load Library ""
    Load Packages 33
    Load Symbols 96
    Load DeviceSets 108
EndSection

Section : Analyze Document - C:\EAGLE-7.7.0\lbr\fairchild-semic.lbr
    Analyzing data of C:\EAGLE-7.7.0\lbr\fairchild-semic.lbr
    Load settings
    Load layers 59
    Load Library library
    Load Library ""
    Load Packages 4
    Load Symbols 3
    Load DeviceSets 3
EndSection

Section : Analyze Document - C:\EAGLE-7.7.0\lbr\farnell.lbr
    Analyzing data of C:\EAGLE-7.7.0\lbr\farnell.lbr
    Load settings
    Load layers 59
    Load Library library
    Load Library ""
    Load Packages 1
    Load Symbols 1
    Load DeviceSets 1
EndSection

Section : Analyze Document - C:\EAGLE-7.7.0\lbr\fiber-optic-hp.lbr
    Analyzing data of C:\EAGLE-7.7.0\lbr\fiber-optic-hp.lbr
    Load settings
    Load layers 59
    Load Library library
    Load Library ""
    Load Packages 5
    Load Symbols 8
    Load DeviceSets 12
EndSection

Section : Analyze Document - C:\EAGLE-7.7.0\lbr\fiber-optic-siemens.lbr
    Analyzing data of C:\EAGLE-7.7.0\lbr\fiber-optic-siemens.lbr
    Load settings
    Load layers 59
    Load Library library
    Load Library ""
    Load Packages 3
    Load Symbols 4
    Load DeviceSets 4
EndSection

Section : Analyze Document - C:\EAGLE-7.7.0\lbr\fifo.lbr
    Analyzing data of C:\EAGLE-7.7.0\lbr\fifo.lbr
    Load settings
    Load layers 59
    Load Library library
    Load Library ""
    Load Packages 7
    Load Symbols 19
    Load DeviceSets 15
EndSection

Section : Analyze Document - C:\EAGLE-7.7.0\lbr\flexipanel.lbr
    Analyzing data of C:\EAGLE-7.7.0\lbr\flexipanel.lbr
    Load settings
    Load layers 59
    Load Library library
    Load Library ""
    Load Packages 2
    Load Symbols 2
    Load DeviceSets 2
EndSection

Section : Analyze Document - C:\EAGLE-7.7.0\lbr\fox-electronics.lbr
    Analyzing data of C:\EAGLE-7.7.0\lbr\fox-electronics.lbr
    Load settings
    Load layers 59
    Load Library library
    Load Library ""
    Load Packages 1
    Load Symbols 1
    Load DeviceSets 1
EndSection

Section : Analyze Document - C:\EAGLE-7.7.0\lbr\frames.lbr
    Analyzing data of C:\EAGLE-7.7.0\lbr\frames.lbr
    Load settings
    Load layers 59
    Load Library library
    Load Library ""
    Load Packages 27
    ERROR: Unhandled typeframe
    ERROR: Unhandled typeframe
    ERROR: Unhandled typeframe
    ERROR: Unhandled typeframe
    ERROR: Unhandled typeframe
    ERROR: Unhandled typeframe
    ERROR: Unhandled typeframe
    ERROR: Unhandled typeframe
    ERROR: Unhandled typeframe
    ERROR: Unhandled typeframe
    ERROR: Unhandled typeframe
    ERROR: Unhandled typeframe
    ERROR: Unhandled typeframe
    ERROR: Unhandled typeframe
    ERROR: Unhandled typeframe
    ERROR: Unhandled typeframe
    ERROR: Unhandled typeframe
    ERROR: Unhandled typeframe
    ERROR: Unhandled typeframe
    ERROR: Unhandled typeframe
    ERROR: Unhandled typeframe
    ERROR: Unhandled typeframe
    Load Symbols 27
    Load DeviceSets 30
EndSection

Section : Analyze Document - C:\EAGLE-7.7.0\lbr\freescale.lbr
    Analyzing data of C:\EAGLE-7.7.0\lbr\freescale.lbr
    Load settings
    Load layers 59
    Load Library library
    Load Library ""
    Load Packages 12
    Load Symbols 18
    Load DeviceSets 13
EndSection

Section : Analyze Document - C:\EAGLE-7.7.0\lbr\ftdichip.lbr
    Analyzing data of C:\EAGLE-7.7.0\lbr\ftdichip.lbr
    Load settings
    Load layers 59
    Load Library library
    Load Library ""
    Load Packages 6
    Load Symbols 4
    Load DeviceSets 4
EndSection

Section : Analyze Document - C:\EAGLE-7.7.0\lbr\fujitsu.lbr
    Analyzing data of C:\EAGLE-7.7.0\lbr\fujitsu.lbr
    Load settings
    Load layers 59
    Load Library library
    Load Library ""
    Load Packages 1
    Load Symbols 1
    Load DeviceSets 1
EndSection

Section : Analyze Document - C:\EAGLE-7.7.0\lbr\fuse.lbr
    Analyzing data of C:\EAGLE-7.7.0\lbr\fuse.lbr
    Load settings
    Load layers 59
    Load Library library
    Load Library ""
    Load Packages 27
    Load Symbols 2
    Load DeviceSets 24
EndSection
