Importer Log Report
Project : Group

Section : Analyze Document - C:\EAGLE-7.7.0\lbr\telcom.lbr
    Analyzing data of C:\EAGLE-7.7.0\lbr\telcom.lbr
    Load settings
    Load layers 59
    Load Library library
    Load Library ""
    Load Packages 1
    Load Symbols 1
    Load DeviceSets 1
EndSection

Section : Analyze Document - C:\EAGLE-7.7.0\lbr\telecontrolli.lbr
    Analyzing data of C:\EAGLE-7.7.0\lbr\telecontrolli.lbr
    Load settings
    Load layers 59
    Load Library library
    Load Library ""
    Load Packages 3
    Load Symbols 3
    Load DeviceSets 3
EndSection

Section : Analyze Document - C:\EAGLE-7.7.0\lbr\telefunken.lbr
    Analyzing data of C:\EAGLE-7.7.0\lbr\telefunken.lbr
    Load settings
    Load layers 59
    Load Library library
    Load Library ""
    Load Packages 4
    Load Symbols 4
    Load DeviceSets 4
EndSection

Section : Analyze Document - C:\EAGLE-7.7.0\lbr\test-mate.lbr
    Analyzing data of C:\EAGLE-7.7.0\lbr\test-mate.lbr
    Load settings
    Load layers 75
    Load Library library
    Load Library ""
    Load Packages 3
    Load Symbols 3
    Load DeviceSets 3
EndSection

Section : Analyze Document - C:\EAGLE-7.7.0\lbr\testpad.lbr
    Analyzing data of C:\EAGLE-7.7.0\lbr\testpad.lbr
    Load settings
    Load layers 59
    Load Library library
    Load Library ""
    Load Packages 42
    Load Symbols 4
    Load DeviceSets 8
EndSection

Section : Analyze Document - C:\EAGLE-7.7.0\lbr\texas.lbr
    Analyzing data of C:\EAGLE-7.7.0\lbr\texas.lbr
    Load settings
    Load layers 59
    Load Library library
    Load Library ""
    Load Packages 124
    Load Symbols 195
    Load DeviceSets 132
EndSection

Section : Analyze Document - C:\EAGLE-7.7.0\lbr\texas-sn55-sn75.lbr
    Analyzing data of C:\EAGLE-7.7.0\lbr\texas-sn55-sn75.lbr
    Load settings
    Load layers 59
    Load Library library
    Load Library ""
    Load Packages 3
    Load Symbols 8
    Load DeviceSets 4
EndSection

Section : Analyze Document - C:\EAGLE-7.7.0\lbr\toshiba.lbr
    Analyzing data of C:\EAGLE-7.7.0\lbr\toshiba.lbr
    Load settings
    Load layers 59
    Load Library library
    Load Library ""
    Load Packages 5
    Load Symbols 5
    Load DeviceSets 5
EndSection

Section : Analyze Document - C:\EAGLE-7.7.0\lbr\traco-electronic.lbr
    Analyzing data of C:\EAGLE-7.7.0\lbr\traco-electronic.lbr
    Load settings
    Load layers 59
    Load Library library
    Load Library ""
    Load Packages 9
    Load Symbols 10
    Load DeviceSets 10
EndSection

Section : Analyze Document - C:\EAGLE-7.7.0\lbr\trafo.lbr
    Analyzing data of C:\EAGLE-7.7.0\lbr\trafo.lbr
    Load settings
    Load layers 59
    Load Library library
    Load Library ""
    Load Packages 80
    Load Symbols 18
    Load DeviceSets 80
EndSection

Section : Analyze Document - C:\EAGLE-7.7.0\lbr\trafo-bei.lbr
    Analyzing data of C:\EAGLE-7.7.0\lbr\trafo-bei.lbr
    Load settings
    Load layers 59
    Load Library library
    Load Library ""
    Load Packages 1
    Load Symbols 1
    Load DeviceSets 1
EndSection

Section : Analyze Document - C:\EAGLE-7.7.0\lbr\trafo-hammondmfg.lbr
    Analyzing data of C:\EAGLE-7.7.0\lbr\trafo-hammondmfg.lbr
    Load settings
    Load layers 59
    Load Library library
    Load Library ""
    Load Packages 17
    Load Symbols 1
    Load DeviceSets 1
EndSection

Section : Analyze Document - C:\EAGLE-7.7.0\lbr\trafo-siemens.lbr
    Analyzing data of C:\EAGLE-7.7.0\lbr\trafo-siemens.lbr
    Load settings
    Load layers 59
    Load Library library
    Load Library ""
    Load Packages 39
    Load Symbols 10
    Load DeviceSets 15
EndSection

Section : Analyze Document - C:\EAGLE-7.7.0\lbr\trafo-xicon.lbr
    Analyzing data of C:\EAGLE-7.7.0\lbr\trafo-xicon.lbr
    Load settings
    Load layers 59
    Load Library library
    Load Library ""
    Load Packages 3
    Load Symbols 2
    Load DeviceSets 2
EndSection

Section : Analyze Document - C:\EAGLE-7.7.0\lbr\transformer-pulse.lbr
    Analyzing data of C:\EAGLE-7.7.0\lbr\transformer-pulse.lbr
    Load settings
    Load layers 59
    Load Library library
    Load Library ""
    Load Packages 1
    Load Symbols 1
    Load DeviceSets 1
EndSection

Section : Analyze Document - C:\EAGLE-7.7.0\lbr\transistor.lbr
    Analyzing data of C:\EAGLE-7.7.0\lbr\transistor.lbr
    Load settings
    Load layers 59
    Load Library library
    Load Library ""
    Load Packages 58
    Load Symbols 13
    Load DeviceSets 146
EndSection

Section : Analyze Document - C:\EAGLE-7.7.0\lbr\transistor-fet.lbr
    Analyzing data of C:\EAGLE-7.7.0\lbr\transistor-fet.lbr
    Load settings
    Load layers 59
    Load Library library
    Load Library ""
    Load Packages 45
    Load Symbols 22
    Load DeviceSets 96
EndSection

Section : Analyze Document - C:\EAGLE-7.7.0\lbr\transistor-neu-to92.lbr
    Analyzing data of C:\EAGLE-7.7.0\lbr\transistor-neu-to92.lbr
    Load settings
    Load layers 59
    Load Library library
    Load Library ""
    Load Packages 57
    Load Symbols 19
    Load DeviceSets 140
EndSection

Section : Analyze Document - C:\EAGLE-7.7.0\lbr\transistor-npn.lbr
    Analyzing data of C:\EAGLE-7.7.0\lbr\transistor-npn.lbr
    Load settings
    Load layers 59
    Load Library library
    Load Library ""
    Load Packages 49
    Load Symbols 7
    Load DeviceSets 174
EndSection

Section : Analyze Document - C:\EAGLE-7.7.0\lbr\transistor-pnp.lbr
    Analyzing data of C:\EAGLE-7.7.0\lbr\transistor-pnp.lbr
    Load settings
    Load layers 59
    Load Library library
    Load Library ""
    Load Packages 37
    Load Symbols 3
    Load DeviceSets 139
EndSection

Section : Analyze Document - C:\EAGLE-7.7.0\lbr\transistor-power.lbr
    Analyzing data of C:\EAGLE-7.7.0\lbr\transistor-power.lbr
    Load settings
    Load layers 59
    Load Library library
    Load Library ""
    Load Packages 90
    Load Symbols 27
    Load DeviceSets 80
EndSection

Section : Analyze Document - C:\EAGLE-7.7.0\lbr\transistor-small-signal.lbr
    Analyzing data of C:\EAGLE-7.7.0\lbr\transistor-small-signal.lbr
    Load settings
    Load layers 59
    Load Library library
    Load Library ""
    Load Packages 107
    Load Symbols 16
    Load DeviceSets 62
EndSection

Section : Analyze Document - C:\EAGLE-7.7.0\lbr\triac.lbr
    Analyzing data of C:\EAGLE-7.7.0\lbr\triac.lbr
    Load settings
    Load layers 59
    Load Library library
    Load Library ""
    Load Packages 35
    Load Symbols 12
    Load DeviceSets 23
EndSection

Section : Analyze Document - C:\EAGLE-7.7.0\lbr\trimble.lbr
    Analyzing data of C:\EAGLE-7.7.0\lbr\trimble.lbr
    Load settings
    Load layers 59
    Load Library library
    Load Library ""
    Load Packages 5
    Load Symbols 12
    Load DeviceSets 14
EndSection

Section : Analyze Document - C:\EAGLE-7.7.0\lbr\tripas.lbr
    Analyzing data of C:\EAGLE-7.7.0\lbr\tripas.lbr
    Load settings
    Load layers 59
    Load Library library
    Load Library ""
    Load Packages 1
    Load Symbols 1
    Load DeviceSets 1
EndSection

Section : Analyze Document - C:\EAGLE-7.7.0\lbr\u-blox.lbr
    Analyzing data of C:\EAGLE-7.7.0\lbr\u-blox.lbr
    Load settings
    Load layers 59
    Load Library library
    Load Library ""
    Load Packages 1
    Load Symbols 1
    Load DeviceSets 1
EndSection

Section : Analyze Document - C:\EAGLE-7.7.0\lbr\uln-udn.lbr
    Analyzing data of C:\EAGLE-7.7.0\lbr\uln-udn.lbr
    Load settings
    Load layers 59
    Load Library library
    Load Library ""
    Load Packages 5
    Load Symbols 9
    Load DeviceSets 24
EndSection

Section : Analyze Document - C:\EAGLE-7.7.0\lbr\varistor.lbr
    Analyzing data of C:\EAGLE-7.7.0\lbr\varistor.lbr
    Load settings
    Load layers 59
    Load Library library
    Load Library ""
    Load Packages 90
    Load Symbols 3
    Load DeviceSets 80
EndSection

Section : Analyze Document - C:\EAGLE-7.7.0\lbr\v-reg.lbr
    Analyzing data of C:\EAGLE-7.7.0\lbr\v-reg.lbr
    Load settings
    Load layers 59
    Load Library library
    Load Library ""
    Load Packages 52
    Load Symbols 13
    Load DeviceSets 42
EndSection

Section : Analyze Document - C:\EAGLE-7.7.0\lbr\v-reg-micrel.lbr
    Analyzing data of C:\EAGLE-7.7.0\lbr\v-reg-micrel.lbr
    Load settings
    Load layers 59
    Load Library library
    Load Library ""
    Load Packages 2
    Load Symbols 3
    Load DeviceSets 4
EndSection

Section : Analyze Document - C:\EAGLE-7.7.0\lbr\wafer-scale-psd.lbr
    Analyzing data of C:\EAGLE-7.7.0\lbr\wafer-scale-psd.lbr
    Load settings
    Load layers 59
    Load Library library
    Load Library ""
    Load Packages 8
    Load Symbols 22
    Load DeviceSets 84
EndSection

Section : Analyze Document - C:\EAGLE-7.7.0\lbr\wirepad.lbr
    Analyzing data of C:\EAGLE-7.7.0\lbr\wirepad.lbr
    Load settings
    Load layers 59
    Load Library library
    Load Library ""
    Load Packages 18
    Load Symbols 2
    Load DeviceSets 16
EndSection

Section : Analyze Document - C:\EAGLE-7.7.0\lbr\xicor.lbr
    Analyzing data of C:\EAGLE-7.7.0\lbr\xicor.lbr
    Load settings
    Load layers 59
    Load Library library
    Load Library ""
    Load Packages 2
    Load Symbols 1
    Load DeviceSets 1
EndSection

Section : Analyze Document - C:\EAGLE-7.7.0\lbr\xilinx-virtex-v5.lbr
    Analyzing data of C:\EAGLE-7.7.0\lbr\xilinx-virtex-v5.lbr
    Load settings
    Load layers 59
    Load Library library
    Load Library ""
    Load Packages 1
    Load Symbols 48
    Load DeviceSets 2
EndSection

Section : Analyze Document - C:\EAGLE-7.7.0\lbr\xilinx-xc18v.lbr
    Analyzing data of C:\EAGLE-7.7.0\lbr\xilinx-xc18v.lbr
    Load settings
    Load layers 59
    Load Library library
    Load Library ""
    Load Packages 8
    Load Symbols 3
    Load DeviceSets 3
EndSection

Section : Analyze Document - C:\EAGLE-7.7.0\lbr\xilinx-xc9.lbr
    Analyzing data of C:\EAGLE-7.7.0\lbr\xilinx-xc9.lbr
    Load settings
    Load layers 59
    Load Library library
    Load Library ""
    Load Packages 2
    Load Symbols 2
    Load DeviceSets 2
EndSection

Section : Analyze Document - C:\EAGLE-7.7.0\lbr\xilinx-xcv.lbr
    Analyzing data of C:\EAGLE-7.7.0\lbr\xilinx-xcv.lbr
    Load settings
    Load layers 59
    Load Library library
    Load Library ""
    Load Packages 22
    Load Symbols 142
    Load DeviceSets 142
EndSection

Section : Analyze Document - C:\EAGLE-7.7.0\lbr\zetex.lbr
    Analyzing data of C:\EAGLE-7.7.0\lbr\zetex.lbr
    Load settings
    Load layers 59
    Load Library library
    Load Library ""
    Load Packages 20
    Load Symbols 16
    Load DeviceSets 62
EndSection

Section : Analyze Document - C:\EAGLE-7.7.0\lbr\zilog.lbr
    Analyzing data of C:\EAGLE-7.7.0\lbr\zilog.lbr
    Load settings
    Load layers 59
    Load Library library
    Load Library ""
    Load Packages 2
    Load Symbols 7
    Load DeviceSets 7
EndSection

Section : Import Document - C:\EAGLE-7.7.0\lbr\trafo.lbr
    Circles with holes do not supported for rooms!
    Circles with holes do not supported for rooms!
    Circles with holes do not supported for rooms!
    Circles with holes do not supported for rooms!
    Circles with holes do not supported for rooms!
    Circles with holes do not supported for rooms!
    Circles with holes do not supported for rooms!
    Circles with holes do not supported for rooms!
    Circles with holes do not supported for rooms!
    Circles with holes do not supported for rooms!
    Circles with holes do not supported for rooms!
    Circles with holes do not supported for rooms!
    Circles with holes do not supported for rooms!
    Circles with holes do not supported for rooms!
    Circles with holes do not supported for rooms!
    Circles with holes do not supported for rooms!
    Circles with holes do not supported for rooms!
    Circles with holes do not supported for rooms!
    Circles with holes do not supported for rooms!
    Circles with holes do not supported for rooms!
    Circles with holes do not supported for rooms!
    Circles with holes do not supported for rooms!
    Circles with holes do not supported for rooms!
    Circles with holes do not supported for rooms!
    Circles with holes do not supported for rooms!
    Circles with holes do not supported for rooms!
    Circles with holes do not supported for rooms!
    Circles with holes do not supported for rooms!
    Circles with holes do not supported for rooms!
    Circles with holes do not supported for rooms!
    Circles with holes do not supported for rooms!
    Circles with holes do not supported for rooms!
    Circles with holes do not supported for rooms!
    Circles with holes do not supported for rooms!
    Circles with holes do not supported for rooms!
    Circles with holes do not supported for rooms!
    Circles with holes do not supported for rooms!
    Circles with holes do not supported for rooms!
    Circles with holes do not supported for rooms!
    Circles with holes do not supported for rooms!
    Circles with holes do not supported for rooms!
    Circles with holes do not supported for rooms!
    Circles with holes do not supported for rooms!
    Circles with holes do not supported for rooms!
    Circles with holes do not supported for rooms!
    Circles with holes do not supported for rooms!
    Circles with holes do not supported for rooms!
    Circles with holes do not supported for rooms!
    Circles with holes do not supported for rooms!
    Circles with holes do not supported for rooms!
    Circles with holes do not supported for rooms!
    Circles with holes do not supported for rooms!
    Circles with holes do not supported for rooms!
    Circles with holes do not supported for rooms!
    Circles with holes do not supported for rooms!
    Circles with holes do not supported for rooms!
    Circles with holes do not supported for rooms!
    Circles with holes do not supported for rooms!
    Circles with holes do not supported for rooms!
    Circles with holes do not supported for rooms!
    Circles with holes do not supported for rooms!
    Circles with holes do not supported for rooms!
    Circles with holes do not supported for rooms!
    Circles with holes do not supported for rooms!
    Circles with holes do not supported for rooms!
    Circles with holes do not supported for rooms!
    Circles with holes do not supported for rooms!
    Circles with holes do not supported for rooms!
    Circles with holes do not supported for rooms!
    Circles with holes do not supported for rooms!
    Circles with holes do not supported for rooms!
    Circles with holes do not supported for rooms!
    Circles with holes do not supported for rooms!
    Circles with holes do not supported for rooms!
    Circles with holes do not supported for rooms!
    Circles with holes do not supported for rooms!
    Circles with holes do not supported for rooms!
    Circles with holes do not supported for rooms!
    Circles with holes do not supported for rooms!
    Circles with holes do not supported for rooms!
    Circles with holes do not supported for rooms!
    Circles with holes do not supported for rooms!
    Circles with holes do not supported for rooms!
    Circles with holes do not supported for rooms!
    Circles with holes do not supported for rooms!
    Circles with holes do not supported for rooms!
    Circles with holes do not supported for rooms!
    Circles with holes do not supported for rooms!
    Circles with holes do not supported for rooms!
    Circles with holes do not supported for rooms!
    Circles with holes do not supported for rooms!
    Circles with holes do not supported for rooms!
    Circles with holes do not supported for rooms!
    Circles with holes do not supported for rooms!
    Circles with holes do not supported for rooms!
    Circles with holes do not supported for rooms!
    Circles with holes do not supported for rooms!
    Circles with holes do not supported for rooms!
    Circles with holes do not supported for rooms!
    Circles with holes do not supported for rooms!
    Circles with holes do not supported for rooms!
    Circles with holes do not supported for rooms!
    Circles with holes do not supported for rooms!
    Circles with holes do not supported for rooms!
    Circles with holes do not supported for rooms!
    Circles with holes do not supported for rooms!
    Circles with holes do not supported for rooms!
    Circles with holes do not supported for rooms!
    Circles with holes do not supported for rooms!
    Circles with holes do not supported for rooms!
    Circles with holes do not supported for rooms!
    Circles with holes do not supported for rooms!
    Circles with holes do not supported for rooms!
    Circles with holes do not supported for rooms!
    Circles with holes do not supported for rooms!
    Circles with holes do not supported for rooms!
    Circles with holes do not supported for rooms!
    Circles with holes do not supported for rooms!
    Circles with holes do not supported for rooms!
    Circles with holes do not supported for rooms!
    Circles with holes do not supported for rooms!
    Circles with holes do not supported for rooms!
    Circles with holes do not supported for rooms!
    Circles with holes do not supported for rooms!
    Circles with holes do not supported for rooms!
    Circles with holes do not supported for rooms!
    Circles with holes do not supported for rooms!
    Circles with holes do not supported for rooms!
    Circles with holes do not supported for rooms!
    Circles with holes do not supported for rooms!
    Circles with holes do not supported for rooms!
    Circles with holes do not supported for rooms!
    Circles with holes do not supported for rooms!
    Circles with holes do not supported for rooms!
    Circles with holes do not supported for rooms!
    Circles with holes do not supported for rooms!
    Circles with holes do not supported for rooms!
    Circles with holes do not supported for rooms!
    Circles with holes do not supported for rooms!
    Circles with holes do not supported for rooms!
    Circles with holes do not supported for rooms!
    Circles with holes do not supported for rooms!
    Circles with holes do not supported for rooms!
    Circles with holes do not supported for rooms!
    Circles with holes do not supported for rooms!
    Circles with holes do not supported for rooms!
    Circles with holes do not supported for rooms!
    Circles with holes do not supported for rooms!
    Circles with holes do not supported for rooms!
    Circles with holes do not supported for rooms!
    Circles with holes do not supported for rooms!
    Circles with holes do not supported for rooms!
    Circles with holes do not supported for rooms!
    Circles with holes do not supported for rooms!
    Circles with holes do not supported for rooms!
    Circles with holes do not supported for rooms!
    Circles with holes do not supported for rooms!
    Circles with holes do not supported for rooms!
    Circles with holes do not supported for rooms!
    Circles with holes do not supported for rooms!
    Circles with holes do not supported for rooms!
    Circles with holes do not supported for rooms!
    Circles with holes do not supported for rooms!
    Circles with holes do not supported for rooms!
    Circles with holes do not supported for rooms!
    Circles with holes do not supported for rooms!
    Circles with holes do not supported for rooms!
    Circles with holes do not supported for rooms!
    Circles with holes do not supported for rooms!
    Circles with holes do not supported for rooms!
    Circles with holes do not supported for rooms!
    Circles with holes do not supported for rooms!
    Circles with holes do not supported for rooms!
    Circles with holes do not supported for rooms!
    Circles with holes do not supported for rooms!
    Circles with holes do not supported for rooms!
    Circles with holes do not supported for rooms!
    Circles with holes do not supported for rooms!
    Circles with holes do not supported for rooms!
    Circles with holes do not supported for rooms!
    Circles with holes do not supported for rooms!
    Circles with holes do not supported for rooms!
    Circles with holes do not supported for rooms!
    Circles with holes do not supported for rooms!
EndSection

Section : Import Document - C:\EAGLE-7.7.0\lbr\transistor.lbr
    Circles with holes do not supported for rooms!
    Circles with holes do not supported for rooms!
    Circles with holes do not supported for rooms!
    Circles with holes do not supported for rooms!
    Circles with holes do not supported for rooms!
    Circles with holes do not supported for rooms!
    Circles with holes do not supported for rooms!
EndSection

Section : Import Document - C:\EAGLE-7.7.0\lbr\transistor-fet.lbr
    Circles with holes do not supported for rooms!
    Circles with holes do not supported for rooms!
    Circles with holes do not supported for rooms!
    Circles with holes do not supported for rooms!
    Circles with holes do not supported for rooms!
EndSection

Section : Import Document - C:\EAGLE-7.7.0\lbr\transistor-neu-to92.lbr
    Circles with holes do not supported for rooms!
    Circles with holes do not supported for rooms!
    Circles with holes do not supported for rooms!
    Circles with holes do not supported for rooms!
    Circles with holes do not supported for rooms!
    Circles with holes do not supported for rooms!
    Circles with holes do not supported for rooms!
EndSection

Section : Import Document - C:\EAGLE-7.7.0\lbr\transistor-npn.lbr
    Circles with holes do not supported for rooms!
    Circles with holes do not supported for rooms!
    Circles with holes do not supported for rooms!
    Circles with holes do not supported for rooms!
    Circles with holes do not supported for rooms!
    Circles with holes do not supported for rooms!
    Circles with holes do not supported for rooms!
EndSection

Section : Import Document - C:\EAGLE-7.7.0\lbr\transistor-pnp.lbr
    Circles with holes do not supported for rooms!
    Circles with holes do not supported for rooms!
    Circles with holes do not supported for rooms!
    Circles with holes do not supported for rooms!
    Circles with holes do not supported for rooms!
    Circles with holes do not supported for rooms!
    Circles with holes do not supported for rooms!
EndSection

Section : Import Document - C:\EAGLE-7.7.0\lbr\transistor-power.lbr
    Circles with holes do not supported for rooms!
    Circles with holes do not supported for rooms!
    Circles with holes do not supported for rooms!
    Circles with holes do not supported for rooms!
    Circles with holes do not supported for rooms!
    Circles with holes do not supported for rooms!
    Circles with holes do not supported for rooms!
    Circles with holes do not supported for rooms!
    Circles with holes do not supported for rooms!
    Circles with holes do not supported for rooms!
    Circles with holes do not supported for rooms!
    Circles with holes do not supported for rooms!
    Circles with holes do not supported for rooms!
    Circles with holes do not supported for rooms!
    Circles with holes do not supported for rooms!
    Circles with holes do not supported for rooms!
    Circles with holes do not supported for rooms!
    Circles with holes do not supported for rooms!
    Circles with holes do not supported for rooms!
    Circles with holes do not supported for rooms!
    Circles with holes do not supported for rooms!
    Circles with holes do not supported for rooms!
    Circles with holes do not supported for rooms!
    Circles with holes do not supported for rooms!
    Circles with holes do not supported for rooms!
    Circles with holes do not supported for rooms!
EndSection

Section : Import Document - C:\EAGLE-7.7.0\lbr\transistor-small-signal.lbr
    Circles with holes do not supported for rooms!
    Circles with holes do not supported for rooms!
    Circles with holes do not supported for rooms!
EndSection

Section : Import Document - C:\EAGLE-7.7.0\lbr\triac.lbr
    Circles with holes do not supported for rooms!
    Circles with holes do not supported for rooms!
    Circles with holes do not supported for rooms!
    Circles with holes do not supported for rooms!
    Circles with holes do not supported for rooms!
    Circles with holes do not supported for rooms!
    Circles with holes do not supported for rooms!
    Circles with holes do not supported for rooms!
    Circles with holes do not supported for rooms!
    Circles with holes do not supported for rooms!
    Circles with holes do not supported for rooms!
    Circles with holes do not supported for rooms!
    Circles with holes do not supported for rooms!
EndSection
